This file contains any messages produced by compilers while
running configure, to aid debugging if configure makes a mistake.

It was created by configure, which was
generated by GNU Autoconf 2.50.  Invocation command line was

  $ ./configure --prefix=c:/progra~1/pcre --enable-utf8 --disable-shared --host=i386-pc-mingw32 --build=i386-pc-mingw32 --target=i386-pc-mingw32

## ---------- ##
## Platform.  ##
## ---------- ##

hostname = ALPHA
uname -m = i686
uname -r = 1.3.5(0.47/3/2)
uname -s = CYGWIN_98-4.10
uname -v = 2001-11-13 23:16

/usr/bin/uname -p = unknown
/bin/uname -X     = unknown

/bin/arch              = unknown
/usr/bin/arch -k       = unknown
/usr/convex/getsysinfo = unknown
hostinfo               = unknown
/bin/machine           = unknown
/usr/bin/oslevel       = unknown
/bin/universe          = unknown

PATH = /cygdrive/i/MINGW/BIN:/usr/bin:/cygdrive/d/WIN98:/cygdrive/d/WIN98/COMMAND:/cygdrive/g/BIN:/cygdrive/e/PROGRA~1/FPTEX/BIN:/cygdrive/i/GNUTOOLS/BIN:/cygdrive/c/PROGRA~1/GROFF/BIN:/cygdrive/i/MINGW/BIN:/usr/bin:/cygdrive/i/UNIXUTIL/BIN

## ------------ ##
## Core tests.  ##
## ------------ ##

configure:1089: PATH=".;."; conftest.sh
conftest.sh: not found
configure:1092: $? = 127
configure:1119: checking for i386-pc-mingw32-gcc
configure:1145: result: no
configure:1154: checking for gcc
configure:1169: found /cygdrive/i/MINGW/BIN/gcc
configure:1177: result: gcc
configure:1421: checking for C compiler default output
configure:1424: gcc -DSTATIC -D__STATIC__ -Wl,--static -O2 -fnative-struct -fno-rtti -fno-exceptions -mcpu=pentium -march=i386  -Wl,--static  conftest.c -liberty -lMsup -lMstubs >&5
configure:1427: $? = 0
configure:1450: result: a.exe
configure:1455: checking whether the C compiler works
configure:1461: ./a.exe
configure:1464: $? = 0
configure:1479: result: yes
configure:1486: checking whether we are cross compiling
configure:1488: result: no
configure:1491: checking for executable suffix
configure:1493: gcc -o conftest.exe -DSTATIC -D__STATIC__ -Wl,--static -O2 -fnative-struct -fno-rtti -fno-exceptions -mcpu=pentium -march=i386  -Wl,--static  conftest.c -liberty -lMsup -lMstubs >&5
configure:1496: $? = 0
configure:1518: result: .exe
configure:1524: checking for object suffix
configure:1542: gcc -c -DSTATIC -D__STATIC__ -Wl,--static -O2 -fnative-struct -fno-rtti -fno-exceptions -mcpu=pentium -march=i386  conftest.c >&5
gcc.exe: --static: linker input file unused since linking not done
configure:1545: $? = 0
configure:1564: result: o
configure:1568: checking whether we are using the GNU C compiler
configure:1589: gcc -c -DSTATIC -D__STATIC__ -Wl,--static -O2 -fnative-struct -fno-rtti -fno-exceptions -mcpu=pentium -march=i386  conftest.c >&5
gcc.exe: --static: linker input file unused since linking not done
configure:1592: $? = 0
configure:1595: test -s conftest.o
configure:1598: $? = 0
configure:1610: result: yes
configure:1616: checking whether gcc accepts -g
configure:1634: gcc -c -g  conftest.c >&5
configure:1637: $? = 0
configure:1640: test -s conftest.o
configure:1643: $? = 0
configure:1653: result: yes
configure:1680: gcc -c -DSTATIC -D__STATIC__ -Wl,--static -O2 -fnative-struct -fno-rtti -fno-exceptions -mcpu=pentium -march=i386  conftest.c >&5
conftest.c:2: parse error before `me'
configure:1683: $? = 1
configure: failed program was:
#ifndef __cplusplus
  choke me
#endif
configure:1815: checking for a BSD compatible install
configure:1864: result: /bin/install.exe -cpD
configure:1878: checking for i386-pc-mingw32-ranlib
configure:1904: result: no
configure:1913: checking for ranlib
configure:1928: found /cygdrive/i/MINGW/BIN/ranlib
configure:1937: result: ranlib
configure:1954: checking how to run the C preprocessor
configure:1981: gcc -E  conftest.c
configure:1987: $? = 0
configure:2014: gcc -E  conftest.c
configure:2011: ac_nonexistent.h: No such file or directory
configure:2020: $? = 1
configure: failed program was:
#line 2010 "configure"
#include "confdefs.h"
#include <ac_nonexistent.h>
configure:2057: result: gcc -E
configure:2072: gcc -E  conftest.c
configure:2078: $? = 0
configure:2105: gcc -E  conftest.c
configure:2102: ac_nonexistent.h: No such file or directory
configure:2111: $? = 1
configure: failed program was:
#line 2101 "configure"
#include "confdefs.h"
#include <ac_nonexistent.h>
configure:2150: checking for ANSI C header files
configure:2164: gcc -E  conftest.c
configure:2170: $? = 0
configure:2257: gcc -o conftest.exe -DSTATIC -D__STATIC__ -Wl,--static -O2 -fnative-struct -fno-rtti -fno-exceptions -mcpu=pentium -march=i386  -Wl,--static  conftest.c -liberty -lMsup -lMstubs >&5
configure:2260: $? = 0
configure:2262: ./conftest.exe
configure:2265: $? = 0
configure:2278: result: yes
configure:2291: checking for limits.h
configure:2301: gcc -E  conftest.c
configure:2307: $? = 0
configure:2326: result: yes
configure:2336: checking for gcc option to accept ANSI C
configure:2393: gcc  -c -DSTATIC -D__STATIC__ -Wl,--static -O2 -fnative-struct -fno-rtti -fno-exceptions -mcpu=pentium -march=i386  conftest.c >&5
gcc.exe: --static: linker input file unused since linking not done
configure:2396: $? = 0
configure:2399: test -s conftest.o
configure:2402: $? = 0
configure:2419: result: none needed
configure:2427: checking for an ANSI C-conforming const
configure:2491: gcc -c -DSTATIC -D__STATIC__ -Wl,--static -O2 -fnative-struct -fno-rtti -fno-exceptions -mcpu=pentium -march=i386  conftest.c >&5
gcc.exe: --static: linker input file unused since linking not done
configure:2494: $? = 0
configure:2497: test -s conftest.o
configure:2500: $? = 0
configure:2510: result: yes
configure:2523: checking for stdlib.h
configure:2533: gcc -E  conftest.c
configure:2539: $? = 0
configure:2558: result: yes
configure:2523: checking for string.h
configure:2533: gcc -E  conftest.c
configure:2539: $? = 0
configure:2558: result: yes
configure:2523: checking for memory.h
configure:2533: gcc -E  conftest.c
configure:2539: $? = 0
configure:2558: result: yes
configure:2523: checking for strings.h
configure:2533: gcc -E  conftest.c
configure:2539: $? = 0
configure:2558: result: yes
configure:2523: checking for inttypes.h
configure:2533: gcc -E  conftest.c
configure:2530: inttypes.h: No such file or directory
configure:2539: $? = 1
configure: failed program was:
#line 2529 "configure"
#include "confdefs.h"
#include <inttypes.h>
configure:2558: result: no
configure:2523: checking for unistd.h
configure:2533: gcc -E  conftest.c
configure:2539: $? = 0
configure:2558: result: yes
configure:2568: checking for size_t
configure:2589: gcc -c -DSTATIC -D__STATIC__ -Wl,--static -O2 -fnative-struct -fno-rtti -fno-exceptions -mcpu=pentium -march=i386  conftest.c >&5
gcc.exe: --static: linker input file unused since linking not done
configure:2592: $? = 0
configure:2595: test -s conftest.o
configure:2598: $? = 0
configure:2608: result: yes
configure:2623: checking for bcopy
configure:2660: gcc -o conftest.exe -DSTATIC -D__STATIC__ -Wl,--static -O2 -fnative-struct -fno-rtti -fno-exceptions -mcpu=pentium -march=i386  -Wl,--static  conftest.c -liberty -lMsup -lMstubs >&5
configure:2663: $? = 0
configure:2666: test -s conftest.exe
configure:2669: $? = 0
configure:2679: result: yes
configure:2623: checking for memmove
configure:2660: gcc -o conftest.exe -DSTATIC -D__STATIC__ -Wl,--static -O2 -fnative-struct -fno-rtti -fno-exceptions -mcpu=pentium -march=i386  -Wl,--static  conftest.c -liberty -lMsup -lMstubs >&5
configure:2663: $? = 0
configure:2666: test -s conftest.exe
configure:2669: $? = 0
configure:2679: result: yes
configure:2623: checking for strerror
configure:2660: gcc -o conftest.exe -DSTATIC -D__STATIC__ -Wl,--static -O2 -fnative-struct -fno-rtti -fno-exceptions -mcpu=pentium -march=i386  -Wl,--static  conftest.c -liberty -lMsup -lMstubs >&5
configure:2663: $? = 0
configure:2666: test -s conftest.exe
configure:2669: $? = 0
configure:2679: result: yes
configure:2788: checking build system type
configure:2806: result: i386-pc-mingw32
configure:2813: checking host system type
configure:2827: result: i386-pc-mingw32
configure:2844: checking for ld used by GCC
configure:2907: result: i:/MINGW/mingw32/bin/ld.exe
configure:2916: checking if the linker (i:/MINGW/mingw32/bin/ld.exe) is GNU ld
GNU ld version 2.11.90 (with BFD 2.11.90)
configure:2928: result: yes
configure:2932: checking for i:/MINGW/mingw32/bin/ld.exe option to reload object files
configure:2939: result: -r
configure:2944: checking for BSD-compatible nm
configure:2980: result: nm
configure:2983: checking whether ln -s works
configure:2990: result: no, using cp -p
configure:2994: checking how to recognise dependant libraries
configure:3162: result: file_magic file format pei*-i386(.*architecture: i386)?
configure:3168: checking command to parse nm output
configure:3245: gcc -c -DSTATIC -D__STATIC__ -Wl,--static -O2 -fnative-struct -fno-rtti -fno-exceptions -mcpu=pentium -march=i386  conftest.c >&5
gcc.exe: --static: linker input file unused since linking not done
configure:3248: $? = 0
configure:3252: nm conftest.o \| sed -n -e 's/^.*[ 	]\([ABCDGISTW][ABCDGISTW]*\)[ 	][ 	]*\(\)\([_A-Za-z][_A-Za-z0-9]*\)\{0,1\}$/\1 \2\3 \3/p' \> conftest.nm
configure:3255: $? = 0
cannot find nm_test_var in conftest.nm
configure:3245: gcc -c -DSTATIC -D__STATIC__ -Wl,--static -O2 -fnative-struct -fno-rtti -fno-exceptions -mcpu=pentium -march=i386  conftest.c >&5
gcc.exe: --static: linker input file unused since linking not done
configure:3248: $? = 0
configure:3252: nm conftest.o \| sed -n -e 's/^.*[ 	]\([ABCDGISTW][ABCDGISTW]*\)[ 	][ 	]*\(_\)\([_A-Za-z][_A-Za-z0-9]*\)\{0,1\}$/\1 \2\3 \3/p' \> conftest.nm
configure:3255: $? = 0
configure:3307: gcc -o conftest.exe -DSTATIC -D__STATIC__ -Wl,--static -O2 -fnative-struct -fno-rtti -fno-exceptions -mcpu=pentium -march=i386  -Wl,--static  conftest.c conftstm.o >&5
configure:3310: $? = 0
configure:3351: result: ok
configure:3358: checking for dlfcn.h
configure:3368: gcc -E  conftest.c
configure:3365: dlfcn.h: No such file or directory
configure:3374: $? = 1
configure: failed program was:
#line 3364 "configure"
#include "confdefs.h"
#include <dlfcn.h>
configure:3393: result: no
configure:3545: checking for i386-pc-mingw32-ranlib
configure:3568: result: ranlib
configure:3619: checking for i386-pc-mingw32-strip
configure:3645: result: no
configure:3654: checking for strip
configure:3669: found /cygdrive/i/MINGW/BIN/strip
configure:3678: result: strip
configure:3875: checking for objdir
configure:3886: result: .libs
configure:3906: checking for gcc option to produce PIC
configure:4056: result: -DDLL_EXPORT
configure:4060: checking if gcc PIC flag -DDLL_EXPORT works
configure:4080: gcc -c -DSTATIC -D__STATIC__ -Wl,--static -O2 -fnative-struct -fno-rtti -fno-exceptions -mcpu=pentium -march=i386 -DDLL_EXPORT -DPIC  conftest.c >&5
gcc.exe: --static: linker input file unused since linking not done
configure:4083: $? = 0
configure:4086: test -s conftest.o
configure:4089: $? = 0
configure:4125: result: yes
configure:4145: checking if gcc static flag -static works
configure:4166: gcc -o conftest.exe -DSTATIC -D__STATIC__ -Wl,--static -O2 -fnative-struct -fno-rtti -fno-exceptions -mcpu=pentium -march=i386  -Wl,--static  -static conftest.c -liberty -lMsup -lMstubs >&5
configure:4169: $? = 0
configure:4172: test -s conftest.exe
configure:4175: $? = 0
configure:4189: result: yes
configure:4204: checking if gcc supports -c -o file.o
configure:4224: gcc -c -DSTATIC -D__STATIC__ -Wl,--static -O2 -fnative-struct -fno-rtti -fno-exceptions -mcpu=pentium -march=i386 -o out/conftest2.o  conftest.c >&5
configure:4248: result: no
configure:4318: checking if we can lock with hard links
configure:4326: result: no
configure:4329: WARNING: `gcc' does not support `-c -o', so `make -j' may be unsafe
configure:4343: checking if gcc supports -fno-rtti -fno-exceptions
configure:4362: gcc -c -DSTATIC -D__STATIC__ -Wl,--static -O2 -fnative-struct -fno-rtti -fno-exceptions -mcpu=pentium -march=i386 -fno-rtti -fno-exceptions -c conftest.c  conftest.c >&5
gcc.exe: --static: linker input file unused since linking not done
configure:4365: $? = 0
configure:4368: test -s conftest.o
configure:4371: $? = 0
configure:4387: result: yes
configure:4402: checking whether the linker (i:/MINGW/mingw32/bin/ld.exe) supports shared libraries
configure:5014: result: yes
configure:5023: checking how to hardcode library paths into programs
configure:5047: result: immediate
configure:5056: checking whether stripping libraries is possible
configure:5061: result: yes
configure:5076: checking dynamic linker characteristics
configure:5458: result: Win32 ld.exe
configure:5467: checking if libtool supports shared libraries
configure:5469: result: yes
configure:6726: creating ./config.status

## ----------------------- ##
## Running config.status.  ##
## ----------------------- ##

This file was extended by config.status 2.50, executed with
  > ./config.status 
on ALPHA

config.status:7179: creating Makefile
config.status:7179: creating pcre.h
config.status:7179: creating pcre-config
config.status:7179: creating RunTest
config.status:7271: creating config.h

## ----------------- ##
## Cache variables.  ##
## ----------------- ##

ac_cv_type_size_t='yes'
cl_cv_prog_LN='cp -fp'
lt_cv_file_magic_cmd='$OBJDUMP -f'
ac_cv_header_stdlib_h='yes'
ac_cv_func_memmove='yes'
ac_cv_prog_cc_g='yes'
ac_cv_env_LDFLAGS_set='set'
lt_cv_prog_cc_can_build_shared='yes'
ac_cv_c_compiler_gnu='yes'
ac_cv_exeext='.exe'
ac_cv_env_CFLAGS_set='set'
ac_cv_prog_RANLIB='ranlib'
ac_cv_env_CPP_value=''
ac_cv_env_CPPFLAGS_set=''
lt_cv_prog_cc_static_works='yes'
lt_cv_prog_cc_no_builtin=''
lt_cv_prog_cc_shlib=''
lt_cv_prog_cc_static='-static'
ac_cv_env_host_alias_set='set'
ac_cv_c_const='yes'
lt_cv_ld_reload_flag='-r'
lt_cv_sys_path_separator=':'
lt_cv_prog_gnu_ld='yes'
ac_cv_env_build_alias_set='set'
ac_cv_header_limits_h='yes'
ac_cv_env_LDFLAGS_value='-Wl,--static '
ac_cv_env_target_alias_set='set'
ac_cv_prog_LN_S='cp -fp'
ac_cv_host_alias='i386-pc-mingw32'
ac_cv_prog_cc_stdc=''
ac_cv_env_CFLAGS_value='-DSTATIC -D__STATIC__ -Wl,--static -O2 -fnative-struct -fno-rtti -fno-exceptions -mcpu=pentium -march=i386'
ac_cv_env_CC_set=''
lt_cv_prog_cc_wl='-Wl,'
ac_cv_func_bcopy='yes'
ac_cv_header_stdc='yes'
ac_cv_header_strings_h='yes'
ac_cv_header_inttypes_h='no'
lt_cv_global_symbol_to_cdecl='sed -n -e '\''s/^. .* \(.*\)$/extern char \1;/p'\'''
lt_cv_path_LD='i:/MINGW/mingw32/bin/ld.exe'
ac_cv_build_alias='i386-pc-mingw32'
ac_cv_header_unistd_h='yes'
ac_cv_header_string_h='yes'
ac_cv_env_CPPFLAGS_value=''
ac_cv_header_memory_h='yes'
ac_cv_prog_ac_ct_RANLIB='ranlib'
ac_cv_prog_ac_ct_STRIP='strip'
ac_cv_host='i386-pc-mingw32'
ac_cv_env_host_alias_value='i386-pc-mingw32'
ac_cv_func_strerror='yes'
lt_cv_compiler_c_o='no'
lt_cv_prog_cc_pic_works='yes'
lt_cv_file_magic_test_file=''
ac_cv_build='i386-pc-mingw32'
ac_cv_prog_CPP='gcc -E'
ac_cv_env_build_alias_value='i386-pc-mingw32'
lt_cv_prog_cc_pic=' -DDLL_EXPORT'
lt_cv_sys_global_symbol_pipe='sed -n -e '\''s/^.*[ 	]\([ABCDGISTW][ABCDGISTW]*\)[ 	][ 	]*\(_\)\([_A-Za-z][_A-Za-z0-9]*\)\{0,1\}$/\1 \2\3 \3/p'\'''
lt_cv_deplibs_check_method='file_magic file format pei*-i386(.*architecture: i386)?'
ac_cv_prog_ac_ct_CC='gcc'
ac_cv_env_target_alias_value='i386-pc-mingw32'
ac_cv_env_CC_value=''
lt_cv_path_NM='nm'
ac_cv_env_CPP_set=''
ac_cv_header_dlfcn_h='no'
ac_cv_objext='o'

## ------------ ##
## confdefs.h.  ##
## ------------ ##

#define STDC_HEADERS 1
#define HAVE_LIMITS_H 1
#define HAVE_STDLIB_H 1
#define HAVE_STRING_H 1
#define HAVE_MEMORY_H 1
#define HAVE_STRINGS_H 1
#define HAVE_UNISTD_H 1
#define HAVE_BCOPY 1
#define HAVE_MEMMOVE 1
#define HAVE_STRERROR 1


configure: exit 0
